<?xml version="1.0" encoding="UTF-8" standalone="no"?>
<testsuite failures="1" name="cucumber.runtime.formatter.JUnitFormatter" skipped="0" tests="1" time="0.995629">
<testcase classname="gmail login page" name="Verify login page" time="0.995629">
<failure message="org.openqa.selenium.WebDriverException: Cannot find firefox binary in PATH. Make sure firefox is installed. OS appears to be: WIN10&#10;Build info: version: '3.141.59', revision: 'e82be7d358', time: '2018-11-14T08:17:03'&#10;System info: host: 'GURUKARTHIK', ip: '192.168.1.5', os.name: 'Windows 10', os.arch: 'amd64', os.version: '10.0', java.version: '1.8.0_261'&#10;Driver info: driver.version: FirefoxDriver&#13;&#10;&#9;at org.openqa.selenium.firefox.FirefoxBinary.&lt;init&gt;(FirefoxBinary.java:100)&#13;&#10;&#9;at java.util.Optional.orElseGet(Optional.java:267)&#13;&#10;&#9;at org.openqa.selenium.firefox.FirefoxOptions.getBinary(FirefoxOptions.java:216)&#13;&#10;&#9;at org.openqa.selenium.firefox.FirefoxDriver.toExecutor(FirefoxDriver.java:187)&#13;&#10;&#9;at org.openqa.selenium.firefox.FirefoxDriver.&lt;init&gt;(FirefoxDriver.java:147)&#13;&#10;&#9;at org.openqa.selenium.firefox.FirefoxDriver.&lt;init&gt;(FirefoxDriver.java:125)&#13;&#10;&#9;at stepDefinition.Loginstepdefinition.user_has_to_be_on_login_page(Loginstepdefinition.java:17)&#13;&#10;&#9;at ✽.Given User has to be on login page(C:/Users/Ramyadeepika/PracticeWorkSpace/gmailProject/src/main/java/features/login2.feature:4)&#13;&#10;"><![CDATA[Given User has to be on login page..........................................failed
When user enters valid username.............................................skipped
And Valid password..........................................................skipped
And Click on login button...................................................skipped
Then Successful login page should be displayed..............................skipped

StackTrace:
org.openqa.selenium.WebDriverException: Cannot find firefox binary in PATH. Make sure firefox is installed. OS appears to be: WIN10
Build info: version: '3.141.59', revision: 'e82be7d358', time: '2018-11-14T08:17:03'
System info: host: 'GURUKARTHIK', ip: '192.168.1.5', os.name: 'Windows 10', os.arch: 'amd64', os.version: '10.0', java.version: '1.8.0_261'
Driver info: driver.version: FirefoxDriver
	at org.openqa.selenium.firefox.FirefoxBinary.<init>(FirefoxBinary.java:100)
	at java.util.Optional.orElseGet(Optional.java:267)
	at org.openqa.selenium.firefox.FirefoxOptions.getBinary(FirefoxOptions.java:216)
	at org.openqa.selenium.firefox.FirefoxDriver.toExecutor(FirefoxDriver.java:187)
	at org.openqa.selenium.firefox.FirefoxDriver.<init>(FirefoxDriver.java:147)
	at org.openqa.selenium.firefox.FirefoxDriver.<init>(FirefoxDriver.java:125)
	at stepDefinition.Loginstepdefinition.user_has_to_be_on_login_page(Loginstepdefinition.java:17)
	at ✽.Given User has to be on login page(C:/Users/Ramyadeepika/PracticeWorkSpace/gmailProject/src/main/java/features/login2.feature:4)
]]></failure>
</testcase>
</testsuite>
